0 info it worked if it ends with ok
1 verbose cli [ 'node',
1 verbose cli   '/usr/local/bin/npm',
1 verbose cli   'install',
1 verbose cli   'angular-click-outside',
1 verbose cli   '--save' ]
2 info using npm@2.13.1
3 info using node@v0.12.7
4 verbose install initial load of /home/johnpaulo/Desktop/ticket-app/package.json
5 verbose installManyTop reading scoped package data from /home/johnpaulo/Desktop/ticket-app/node_modules/api-sdk/package.json
6 verbose installManyTop reading scoped package data from /home/johnpaulo/Desktop/ticket-app/node_modules/body-parser/package.json
7 verbose installManyTop reading scoped package data from /home/johnpaulo/Desktop/ticket-app/node_modules/coffee-script/package.json
8 verbose installManyTop reading scoped package data from /home/johnpaulo/Desktop/ticket-app/node_modules/connect-mongo/package.json
9 verbose installManyTop reading scoped package data from /home/johnpaulo/Desktop/ticket-app/node_modules/decompress-zip/package.json
10 verbose installManyTop reading scoped package data from /home/johnpaulo/Desktop/ticket-app/node_modules/express/package.json
11 verbose installManyTop reading scoped package data from /home/johnpaulo/Desktop/ticket-app/node_modules/grunt/package.json
12 verbose installManyTop reading scoped package data from /home/johnpaulo/Desktop/ticket-app/node_modules/grunt-bower/package.json
13 verbose installManyTop reading scoped package data from /home/johnpaulo/Desktop/ticket-app/node_modules/grunt-commands/package.json
14 verbose installManyTop reading scoped package data from /home/johnpaulo/Desktop/ticket-app/node_modules/grunt-contrib-clean/package.json
15 verbose installManyTop reading scoped package data from /home/johnpaulo/Desktop/ticket-app/node_modules/grunt-contrib-coffee/package.json
16 verbose installManyTop reading scoped package data from /home/johnpaulo/Desktop/ticket-app/node_modules/grunt-contrib-commands/package.json
17 verbose installManyTop reading scoped package data from /home/johnpaulo/Desktop/ticket-app/node_modules/grunt-contrib-concat/package.json
18 verbose installManyTop reading scoped package data from /home/johnpaulo/Desktop/ticket-app/node_modules/grunt-contrib-copy/package.json
19 verbose installManyTop reading scoped package data from /home/johnpaulo/Desktop/ticket-app/node_modules/grunt-contrib-cssmin/package.json
20 verbose installManyTop reading scoped package data from /home/johnpaulo/Desktop/ticket-app/node_modules/grunt-contrib-jade/package.json
21 verbose installManyTop reading scoped package data from /home/johnpaulo/Desktop/ticket-app/node_modules/grunt-contrib-jst/package.json
22 verbose installManyTop reading scoped package data from /home/johnpaulo/Desktop/ticket-app/node_modules/grunt-contrib-sass/package.json
23 verbose installManyTop reading scoped package data from /home/johnpaulo/Desktop/ticket-app/node_modules/grunt-contrib-uglify/package.json
24 verbose installManyTop reading scoped package data from /home/johnpaulo/Desktop/ticket-app/node_modules/grunt-contrib-watch/package.json
25 verbose installManyTop reading scoped package data from /home/johnpaulo/Desktop/ticket-app/node_modules/grunt-sails-linker/package.json
26 verbose installManyTop reading scoped package data from /home/johnpaulo/Desktop/ticket-app/node_modules/grunt-sync/package.json
27 verbose installManyTop reading scoped package data from /home/johnpaulo/Desktop/ticket-app/node_modules/include-all/package.json
28 verbose installManyTop reading scoped package data from /home/johnpaulo/Desktop/ticket-app/node_modules/jade/package.json
29 verbose installManyTop reading scoped package data from /home/johnpaulo/Desktop/ticket-app/node_modules/karma/package.json
30 verbose installManyTop reading scoped package data from /home/johnpaulo/Desktop/ticket-app/node_modules/karma-chrome-launcher/package.json
31 verbose installManyTop reading scoped package data from /home/johnpaulo/Desktop/ticket-app/node_modules/karma-firefox-launcher/package.json
32 verbose installManyTop reading scoped package data from /home/johnpaulo/Desktop/ticket-app/node_modules/karma-jasmine/package.json
33 verbose installManyTop reading scoped package data from /home/johnpaulo/Desktop/ticket-app/node_modules/loopback-connector-mongodb/package.json
34 verbose installManyTop reading scoped package data from /home/johnpaulo/Desktop/ticket-app/node_modules/passport/package.json
35 verbose installManyTop reading scoped package data from /home/johnpaulo/Desktop/ticket-app/node_modules/passport-local/package.json
36 verbose installManyTop reading scoped package data from /home/johnpaulo/Desktop/ticket-app/node_modules/phpass/package.json
37 verbose installManyTop reading scoped package data from /home/johnpaulo/Desktop/ticket-app/node_modules/rc/package.json
38 verbose installManyTop reading scoped package data from /home/johnpaulo/Desktop/ticket-app/node_modules/sails/package.json
39 verbose installManyTop reading scoped package data from /home/johnpaulo/Desktop/ticket-app/node_modules/sails-disk/package.json
40 verbose installManyTop reading scoped package data from /home/johnpaulo/Desktop/ticket-app/node_modules/sails-generate-controller-coffee/package.json
41 verbose installManyTop reading scoped package data from /home/johnpaulo/Desktop/ticket-app/node_modules/sails-generate-model-coffee/package.json
42 verbose installManyTop reading scoped package data from /home/johnpaulo/Desktop/ticket-app/node_modules/sails-mongo/package.json
43 verbose installManyTop reading scoped package data from /home/johnpaulo/Desktop/ticket-app/node_modules/sails-mysql/package.json
44 verbose installManyTop reading scoped package data from /home/johnpaulo/Desktop/ticket-app/node_modules/sass/package.json
45 verbose installManyTop reading scoped package data from /home/johnpaulo/Desktop/ticket-app/node_modules/scss/package.json
46 info package.json decompress-zip@0.1.0 No license field.
47 info package.json connect-mongo@0.8.2 No license field.
48 info package.json grunt@0.4.5 No license field.
49 info package.json grunt-bower@0.20.0 No license field.
50 info package.json grunt-contrib-clean@0.6.0 No license field.
51 info package.json grunt-contrib-coffee@0.13.0 No license field.
52 info package.json grunt-contrib-concat@0.5.1 No license field.
53 info package.json grunt-contrib-jst@0.6.0 No license field.
54 info package.json grunt-contrib-sass@0.9.2 No license field.
55 info package.json grunt-contrib-uglify@0.9.1 No license field.
56 info package.json grunt-contrib-watch@0.6.1 No license field.
57 info package.json grunt-sync@0.3.0 No license field.
58 info package.json loopback-connector-mongodb@1.13.0 license should be a valid SPDX license expression
59 info package.json sails@0.11.0 No license field.
60 info package.json sails-generate-controller-coffee@0.0.0 No repository field.
61 info package.json rc@0.5.5 No license field.
62 info package.json phpass@0.1.1 No repository field.
63 info package.json phpass@0.1.1 No license field.
64 info package.json sass@0.5.0 No repository field.
65 info package.json sass@0.5.0 No license field.
66 info package.json sails-generate-model-coffee@0.10.9 No repository field.
67 info package.json passport-local@1.0.0 No license field.
68 info package.json scss@0.2.4 No repository field.
69 info package.json scss@0.2.4 No license field.
70 info package.json passport@0.2.1 No license field.
71 verbose readDependencies loading dependencies from /home/johnpaulo/Desktop/ticket-app/package.json
72 silly cache add args [ 'angular-click-outside', null ]
73 verbose cache add spec angular-click-outside
74 silly cache add parsed spec { raw: 'angular-click-outside',
74 silly cache add   scope: null,
74 silly cache add   name: 'angular-click-outside',
74 silly cache add   rawSpec: '',
74 silly cache add   spec: '*',
74 silly cache add   type: 'range' }
75 silly addNamed angular-click-outside@*
76 verbose addNamed "*" is a valid semver range for angular-click-outside
77 silly addNameRange { name: 'angular-click-outside', range: '*', hasData: false }
78 silly mapToRegistry name angular-click-outside
79 silly mapToRegistry using default registry
80 silly mapToRegistry registry http://api.meditab.com:4873/
81 silly mapToRegistry uri http://api.meditab.com:4873/angular-click-outside
82 verbose addNameRange registry:http://api.meditab.com:4873/angular-click-outside not in flight; fetching
83 verbose request uri http://api.meditab.com:4873/angular-click-outside
84 verbose request no auth needed
85 info attempt registry request try #1 at 4:45:00 PM
86 verbose request using bearer token for auth
87 verbose request id cbe4953dab381655
88 http request GET http://api.meditab.com:4873/angular-click-outside
89 http 404 http://api.meditab.com:4873/angular-click-outside
90 verbose headers { 'x-powered-by': 'Sinopia/1.0.1',
90 verbose headers   'content-type': 'application/json; charset=utf-8',
90 verbose headers   'content-length': '43',
90 verbose headers   etag: 'W/"2b-d418f262"',
90 verbose headers   vary: 'Accept-Encoding',
90 verbose headers   'x-status-cat': 'http://flic.kr/p/aV6juR',
90 verbose headers   date: 'Tue, 25 Aug 2015 08:45:00 GMT',
90 verbose headers   connection: 'keep-alive' }
91 silly get cb [ 404,
91 silly get   { 'x-powered-by': 'Sinopia/1.0.1',
91 silly get     'content-type': 'application/json; charset=utf-8',
91 silly get     'content-length': '43',
91 silly get     etag: 'W/"2b-d418f262"',
91 silly get     vary: 'Accept-Encoding',
91 silly get     'x-status-cat': 'http://flic.kr/p/aV6juR',
91 silly get     date: 'Tue, 25 Aug 2015 08:45:00 GMT',
91 silly get     connection: 'keep-alive' } ]
92 verbose stack Error: no such package available : angular-click-outside
92 verbose stack     at CachingRegistryClient.<anonymous> (/usr/local/lib/node_modules/npm/node_modules/npm-registry-client/lib/request.js:247:14)
92 verbose stack     at Request._callback (/usr/local/lib/node_modules/npm/node_modules/npm-registry-client/lib/request.js:170:14)
92 verbose stack     at Request.self.callback (/usr/local/lib/node_modules/npm/node_modules/request/request.js:197:22)
92 verbose stack     at Request.emit (events.js:110:17)
92 verbose stack     at Request.<anonymous> (/usr/local/lib/node_modules/npm/node_modules/request/request.js:1050:14)
92 verbose stack     at Request.emit (events.js:129:20)
92 verbose stack     at IncomingMessage.<anonymous> (/usr/local/lib/node_modules/npm/node_modules/request/request.js:996:12)
92 verbose stack     at IncomingMessage.emit (events.js:129:20)
92 verbose stack     at _stream_readable.js:908:16
92 verbose stack     at process._tickCallback (node.js:355:11)
93 verbose statusCode 404
94 verbose pkgid angular-click-outside
95 verbose cwd /home/johnpaulo/Desktop/ticket-app
96 error Linux 3.13.0-61-generic
97 error argv "node" "/usr/local/bin/npm" "install" "angular-click-outside" "--save"
98 error node v0.12.7
99 error npm  v2.13.1
100 error code E404
101 error 404 no such package available : angular-click-outside
101 error 404
101 error 404 'angular-click-outside' is not in the npm registry.
101 error 404 You should bug the author to publish it (or use the name yourself!)
101 error 404 It was specified as a dependency of 'performance'
101 error 404
101 error 404 Note that you can also install from a
101 error 404 tarball, folder, http url, or git url.
102 verbose exit [ 1, true ]
